Arguments: 
  /usr/local/bin/node /usr/local/bin/yarn build

PATH: 
  /usr/local/sbin:/usr/local/bin:/usr/sbin:/usr/bin:/sbin:/bin:/usr/games:/usr/local/games:/snap/bin

Yarn version: 
  1.5.1

Node version: 
  9.11.0

Platform: 
  linux x64

npm manifest: 
  {
    "name": "react-calendar-material",
    "version": "0.1.8",
    "description": "A react calendar borrowing heavily from google's material design",
    "main": "lib/index.js",
    "scripts": {
      "build": "babel -d lib/ src/ --copy-files",
      "prepublish": "babel -d lib/ src/ --copy-files",
      "test": "echo \"Error: no test specified\" && exit 1"
    },
    "repository": {
      "type": "git",
      "url": "https://github.com/stolium/react-calendar-material"
    },
    "keywords": [
      "react",
      "calendar",
      "design",
      "material",
      "theme"
    ],
    "author": "Chris Sullivan",
    "license": "Apache-2.0",
    "peerDependencies": {
      "react": "^0.14.0 || ^15.0.1"
    },
    "devDependencies": {
      "babel-cli": "^6.18.0",
      "babel-preset-es2015": "^6.24.0",
      "babel-preset-react": "^6.11.1",
      "babel-preset-stage-1": "^6.13.0"
    },
    "dependencies": {
      "prop-types": "^15.6.0"
    }
  }

yarn manifest: 
  No manifest

Lockfile: 
  No lockfile

Trace: 
  Error: Command failed.
  Exit code: 1
  Command: sh
  Arguments: -c babel -d lib/ src/ --copy-files
  Directory: /var/www/react-calendar-material
  Output:
  
      at ProcessTermError.MessageError (/usr/local/lib/node_modules/yarn/lib/cli.js:186:110)
      at new ProcessTermError (/usr/local/lib/node_modules/yarn/lib/cli.js:226:113)
      at ChildProcess.<anonymous> (/usr/local/lib/node_modules/yarn/lib/cli.js:30281:17)
      at ChildProcess.emit (events.js:180:13)
      at maybeClose (internal/child_process.js:936:16)
      at Process.ChildProcess._handle.onexit (internal/child_process.js:220:5)
